{
  "RSpec": {
    "coverage": {
      "/Users/susanwere/Documents/Projects/Personal/parking-lot/spec/requests/tickets_spec.rb": [
        1,
        null,
        1,
        3,
        null,
        1,
        2,
        null,
        null,
        1,
        null,
        1,
        1,
        null,
        null,
        1,
        1,
        1,
        1,
        null,
        null,
        null
      ],
      "/Users/susanwere/Documents/Projects/Personal/parking-lot/spec/rails_helper.rb": [
        null,
        1,
        1,
        1,
        null,
        1,
        1,
        null,
        null,
        null,
        null,
        null,
        null,
        null,
        null,
        null,
        null,
        null,
        null,
        null,
        null,
        null,
        2,
        null,
        null,
        null,
        null,
        1,
        null,
        0,
        0,
        null,
        1,
        null,
        1,
        null,
        null,
        null,
        null,
        1,
        1,
        1,
        null,
        1,
        2,
        null,
        1,
        0,
        null,
        1,
        2,
        null,
        1,
        2,
        null,
        1,
        1,
        null,
        1,
        1,
        null,
        null,
        null,
        null,
        null,
        null,
        null,
        null,
        null,
        null,
        null,
        null,
        null,
        null,
        null,
        1,
        null,
        null,
        1,
        null,
        null,
        1,
        1,
        1,
        1,
        null,
        null,
        null
      ],
      "/Users/susanwere/Documents/Projects/Personal/parking-lot/config/environment.rb": [
        null,
        1,
        null,
        null,
        1
      ],
      "/Users/susanwere/Documents/Projects/Personal/parking-lot/config/application.rb": [
        1,
        null,
        1,
        null,
        1,
        1,
        1,
        1,
        1,
        1,
        1,
        1,
        null,
        1,
        null,
        null,
        null,
        1,
        null,
        1,
        1,
        null,
        1,
        null,
        null,
        null,
        null,
        null,
        null,
        null,
        null,
        null,
        1,
        null,
        null,
        null,
        1,
        1,
        1,
        1,
        1,
        null,
        null,
        null
      ],
      "/Users/susanwere/Documents/Projects/Personal/parking-lot/config/boot.rb": [
        1,
        null,
        1,
        1
      ],
      "/Users/susanwere/Documents/Projects/Personal/parking-lot/config/environments/test.rb": [
        1,
        null,
        null,
        null,
        null,
        null,
        null,
        1,
        null,
        null,
        null,
        null,
        1,
        null,
        null,
        1,
        1,
        null,
        null,
        null,
        null,
        1,
        1,
        null,
        null,
        1,
        null,
        null,
        1,
        null,
        null,
        1,
        null,
        1,
        null,
        null,
        null,
        null,
        1,
        null,
        null,
        1,
        null,
        null,
        null,
        null
      ],
      "/Users/susanwere/Documents/Projects/Personal/parking-lot/config/initializers/application_controller_renderer.rb": [
        null,
        null,
        null,
        null,
        null,
        null,
        null,
        null
      ],
      "/Users/susanwere/Documents/Projects/Personal/parking-lot/config/initializers/backtrace_silencers.rb": [
        null,
        null,
        null,
        null,
        null,
        null,
        null
      ],
      "/Users/susanwere/Documents/Projects/Personal/parking-lot/config/initializers/cors.rb": [
        null,
        null,
        null,
        null,
        null,
        null,
        null,
        null,
        null,
        null,
        null,
        null,
        null,
        null,
        null,
        null
      ],
      "/Users/susanwere/Documents/Projects/Personal/parking-lot/config/initializers/filter_parameter_logging.rb": [
        null,
        null,
        null,
        1
      ],
      "/Users/susanwere/Documents/Projects/Personal/parking-lot/config/initializers/inflections.rb": [
        null,
        null,
        null,
        null,
        null,
        null,
        null,
        null,
        null,
        null,
        null,
        null,
        null,
        null,
        null,
        null
      ],
      "/Users/susanwere/Documents/Projects/Personal/parking-lot/config/initializers/mime_types.rb": [
        null,
        null,
        null,
        null
      ],
      "/Users/susanwere/Documents/Projects/Personal/parking-lot/config/initializers/wrap_parameters.rb": [
        null,
        null,
        null,
        null,
        null,
        null,
        1,
        2,
        null,
        null,
        null,
        null,
        null,
        null
      ],
      "/Users/susanwere/Documents/Projects/Personal/parking-lot/spec/factories/tickets.rb": [
        1,
        1,
        3,
        3,
        null,
        null
      ],
      "/Users/susanwere/Documents/Projects/Personal/parking-lot/config/routes.rb": [
        1,
        null,
        1,
        1,
        null,
        null
      ],
      "/Users/susanwere/Documents/Projects/Personal/parking-lot/spec/support/factory_bot.rb": [
        1,
        1,
        null
      ],
      "/Users/susanwere/Documents/Projects/Personal/parking-lot/app/models/ticket.rb": [
        1,
        null
      ],
      "/Users/susanwere/Documents/Projects/Personal/parking-lot/app/models/application_record.rb": [
        1,
        1,
        null
      ],
      "/Users/susanwere/Documents/Projects/Personal/parking-lot/app/controllers/api/tickets_controller.rb": [
        1,
        1,
        1,
        null,
        null,
        1,
        1,
        null,
        1,
        null,
        null,
        null,
        1,
        0,
        null,
        null,
        null,
        1,
        2,
        null,
        null,
        2,
        2,
        null,
        0,
        null,
        null,
        null,
        null,
        1,
        0,
        0,
        null,
        0,
        null,
        null,
        null,
        null,
        1,
        0,
        null,
        null,
        1,
        null,
        1,
        0,
        null,
        0,
        null,
        null,
        null,
        null,
        null,
        null,
        1,
        0,
        null,
        null
      ],
      "/Users/susanwere/Documents/Projects/Personal/parking-lot/app/controllers/application_controller.rb": [
        1,
        null
      ]
    },
    "timestamp": 1584890594
  }
}
